0 info it worked if it ends with ok
1 verbose cli [ '/usr/local/Cellar/node/5.1.0/bin/node',
1 verbose cli   '/usr/local/bin/npm',
1 verbose cli   'start' ]
2 info using npm@3.7.3
3 info using node@v5.1.0
4 verbose run-script [ 'prestart', 'start', 'poststart' ]
5 info lifecycle yilen@1.0.0~prestart: yilen@1.0.0
6 silly lifecycle yilen@1.0.0~prestart: no script for prestart, continuing
7 info lifecycle yilen@1.0.0~start: yilen@1.0.0
8 verbose lifecycle yilen@1.0.0~start: unsafe-perm in lifecycle true
9 verbose lifecycle yilen@1.0.0~start: PATH: /usr/local/lib/node_modules/npm/bin/node-gyp-bin:/Users/Yilen/Desktop/hackreactor/projectBoilerplate/node_modules/.bin:/usr/local/Cellar/node/5.1.0/bin:/Library/Frameworks/Python.framework/Versions/2.7/bin:/Users/Yilen/google-cloud-sdk/bin:/Users/Yilen/.rvm/gems/ruby-2.1.1/bin:/Users/Yilen/.rvm/gems/ruby-2.1.1@global/bin:/Users/Yilen/.rvm/rubies/ruby-2.1.1/bin:/usr/local/bin:/usr/bin:/bin:/usr/sbin:/sbin:/usr/local/MacGPG2/bin:/Users/Yilen/.rvm/bin:~/bin:/Applications/Postgres.app/Contents/Versions/latest/bin
10 verbose lifecycle yilen@1.0.0~start: CWD: /Users/Yilen/Desktop/hackreactor/projectBoilerplate
11 silly lifecycle yilen@1.0.0~start: Args: [ '-c', 'node server.js' ]
12 silly lifecycle yilen@1.0.0~start: Returned: code: 1  signal: null
13 info lifecycle yilen@1.0.0~start: Failed to exec start script
14 verbose stack Error: yilen@1.0.0 start: `node server.js`
14 verbose stack Exit status 1
14 verbose stack     at EventEmitter.<anonymous> (/usr/local/lib/node_modules/npm/lib/utils/lifecycle.js:239:16)
14 verbose stack     at emitTwo (events.js:87:13)
14 verbose stack     at EventEmitter.emit (events.js:172:7)
14 verbose stack     at ChildProcess.<anonymous> (/usr/local/lib/node_modules/npm/lib/utils/spawn.js:24:14)
14 verbose stack     at emitTwo (events.js:87:13)
14 verbose stack     at ChildProcess.emit (events.js:172:7)
14 verbose stack     at maybeClose (internal/child_process.js:818:16)
14 verbose stack     at Process.ChildProcess._handle.onexit (internal/child_process.js:211:5)
15 verbose pkgid yilen@1.0.0
16 verbose cwd /Users/Yilen/Desktop/hackreactor/projectBoilerplate
17 error Darwin 14.5.0
18 error argv "/usr/local/Cellar/node/5.1.0/bin/node" "/usr/local/bin/npm" "start"
19 error node v5.1.0
20 error npm  v3.7.3
21 error code ELIFECYCLE
22 error yilen@1.0.0 start: `node server.js`
22 error Exit status 1
23 error Failed at the yilen@1.0.0 start script 'node server.js'.
23 error Make sure you have the latest version of node.js and npm installed.
23 error If you do, this is most likely a problem with the yilen package,
23 error not with npm itself.
23 error Tell the author that this fails on your system:
23 error     node server.js
23 error You can get information on how to open an issue for this project with:
23 error     npm bugs yilen
23 error Or if that isn't available, you can get their info via:
23 error     npm owner ls yilen
23 error There is likely additional logging output above.
24 verbose exit [ 1, true ]
